<?xml version="1.0" encoding="UTF-8"?>
<!-- Generated by org.testng.reporters.JUnitReportReporter -->
<testsuite hostname="LAPTOP-QMA3PVOQ" failures="0" tests="1" name="com.automationexercise.tests.TC_VideoTutorialsTest" time="22.143" errors="0" timestamp="2025-09-03T21:23:12 IST" skipped="0">
  <testcase classname="com.automationexercise.tests.TC_VideoTutorialsTest" name="TC_CheckVideoTutorialsIcon" time="22.143"/>
</testsuite> <!-- com.automationexercise.tests.TC_VideoTutorialsTest -->
