<?xml version="1.0" encoding="UTF-8"?>
<!-- Generated by org.testng.reporters.JUnitReportReporter -->
<testsuite hostname="AKASH" failures="0" tests="2" name="com.automationexercise.tests.HomePageTest" time="24.017" errors="0" timestamp="2025-09-02T16:50:38 IST" skipped="0">
  <testcase classname="com.automationexercise.tests.HomePageTest" name="verifyLogoIsDisplayed" time="15.770"/>
  <testcase classname="com.automationexercise.tests.HomePageTest" name="verifyHomePageTitle" time="8.247"/>
</testsuite> <!-- com.automationexercise.tests.HomePageTest -->
