<?xml version="1.0" encoding="UTF-8"?>
<!-- Generated by org.testng.reporters.JUnitReportReporter -->
<testsuite hostname="AKASH" failures="0" tests="3" name="com.automationexercise.tests.SubscriptionTest" time="22.028" errors="0" timestamp="2025-09-03T19:04:47 IST" skipped="0">
  <testcase classname="com.automationexercise.tests.SubscriptionTest" name="testSubscriptionForm" time="7.744"/>
  <testcase classname="com.automationexercise.tests.SubscriptionTest" name="testSubscriptionForm" time="8.576"/>
  <testcase classname="com.automationexercise.tests.SubscriptionTest" name="testSubscriptionForm" time="5.708"/>
</testsuite> <!-- com.automationexercise.tests.SubscriptionTest -->
