<?xml version="1.0" encoding="UTF-8"?>
<!-- Generated by org.testng.reporters.JUnitReportReporter -->
<testsuite hostname="AKASH" failures="0" tests="2" name="com.automationexercise.tests.HomePageTest" time="20.754" errors="0" timestamp="2025-09-01T00:45:48 IST" skipped="0">
  <testcase classname="com.automationexercise.tests.HomePageTest" name="verifyHomePageTitle" time="7.926"/>
  <testcase classname="com.automationexercise.tests.HomePageTest" name="verifyLogoIsDisplayed" time="12.828"/>
</testsuite> <!-- com.automationexercise.tests.HomePageTest -->
