<?xml version="1.0" encoding="UTF-8"?>
<!-- Generated by org.testng.reporters.JUnitReportReporter -->
<testsuite hostname="AKASH" failures="0" tests="17" name="com.automationexercise.tests.LoginTest" time="266.622" errors="0" timestamp="2025-09-03T20:46:58 IST" skipped="0">
  <testcase classname="com.automationexercise.tests.LoginTest" name="verifyLoginPageIsDisplayed" time="5.486"/>
  <testcase classname="com.automationexercise.tests.LoginTest" name="verifyLoginHeaderVisible" time="5.915"/>
  <testcase classname="com.automationexercise.tests.LoginTest" name="verifyNewUserSignupHeaderVisible" time="6.506"/>
  <testcase classname="com.automationexercise.tests.LoginTest" name="verifyLoginButtonVisibleAndClickable" time="16.195"/>
  <testcase classname="com.automationexercise.tests.LoginTest" name="verifySignUpSectionIsDisplayed" time="5.254"/>
  <testcase classname="com.automationexercise.tests.LoginTest" name="verifySignUpButtonVisibleAndClickable" time="5.705"/>
  <testcase classname="com.automationexercise.tests.LoginTest" name="verifyUserRegistration" time="7.378"/>
  <testcase classname="com.automationexercise.tests.LoginTest" name="verifyEnterAccountInformationHeaderIsDisplayed" time="7.048"/>
  <testcase classname="com.automationexercise.tests.LoginTest" name="verifyAddressInformationHeaderIsDisplayed" time="7.000"/>
  <testcase classname="com.automationexercise.tests.LoginTest" name="registerUserFromExcel" time="31.067"/>
  <testcase classname="com.automationexercise.tests.LoginTest" name="registerUserFromExcel" time="32.814"/>
  <testcase classname="com.automationexercise.tests.LoginTest" name="registerUserFromExcel" time="49.526"/>
  <testcase classname="com.automationexercise.tests.LoginTest" name="verifyLogin" time="7.886"/>
  <testcase classname="com.automationexercise.tests.LoginTest" name="verifyLogout" time="9.599"/>
  <testcase classname="com.automationexercise.tests.LoginTest" name="verifyLoginWithInvalidCredentialsFromExcel" time="46.270"/>
  <testcase classname="com.automationexercise.tests.LoginTest" name="verifyLoginWithValidEmailAndWrongPassword" time="16.407"/>
  <testcase classname="com.automationexercise.tests.LoginTest" name="verifySignUpWithInvalidEmailFormat_FromExcel" time="6.566"/>
</testsuite> <!-- com.automationexercise.tests.LoginTest -->
