<?xml version="1.0" encoding="UTF-8"?>
<!-- Generated by org.testng.reporters.JUnitReportReporter -->
<testsuite hostname="LAPTOP-25O4NSKO" failures="0" tests="1" name="com.automationexercise.tests.TC_VideoTutorialsTest" time="13.032" errors="0" timestamp="2025-09-03T11:52:57 IST" skipped="0">
  <testcase classname="com.automationexercise.tests.TC_VideoTutorialsTest" name="TC_CheckVideoTutorialsIcon" time="13.032"/>
</testsuite> <!-- com.automationexercise.tests.TC_VideoTutorialsTest -->
