<?xml version="1.0" encoding="UTF-8"?>
<!-- Generated by org.testng.reporters.JUnitReportReporter -->
<testsuite hostname="AKASH" failures="0" tests="13" name="com.automationexercise.tests.LoginTest" time="273.442" errors="0" timestamp="2025-09-02T14:02:53 IST" skipped="0">
  <testcase classname="com.automationexercise.tests.LoginTest" name="verifyLoginPageIsDisplayed" time="5.666"/>
  <testcase classname="com.automationexercise.tests.LoginTest" name="verifySignUpSectionIsDisplayed" time="16.479"/>
  <testcase classname="com.automationexercise.tests.LoginTest" name="verifyUserRegistration" time="29.484"/>
  <testcase classname="com.automationexercise.tests.LoginTest" name="verifyEnterAccountInformationHeaderIsDisplayed" time="27.964"/>
  <testcase classname="com.automationexercise.tests.LoginTest" name="registerUserFromExcel" time="37.273"/>
  <testcase classname="com.automationexercise.tests.LoginTest" name="registerUserFromExcel" time="48.943"/>
  <testcase classname="com.automationexercise.tests.LoginTest" name="registerUserFromExcel" time="14.930"/>
  <testcase classname="com.automationexercise.tests.LoginTest" name="verifyLogin" time="10.362"/>
  <testcase classname="com.automationexercise.tests.LoginTest" name="verifyLogin" time="38.826"/>
  <testcase classname="com.automationexercise.tests.LoginTest" name="verifyLogin" time="7.492"/>
  <testcase classname="com.automationexercise.tests.LoginTest" name="verifyLogout" time="12.115"/>
  <testcase classname="com.automationexercise.tests.LoginTest" name="verifyLogout" time="13.894"/>
  <testcase classname="com.automationexercise.tests.LoginTest" name="verifyLogout" time="10.014"/>
</testsuite> <!-- com.automationexercise.tests.LoginTest -->
