<?xml version="1.0" encoding="UTF-8"?>
<!-- Generated by org.testng.reporters.JUnitReportReporter -->
<testsuite hostname="AKASH" failures="0" tests="1" name="com.automationexercise.tests.HomePageTest" time="17.331" errors="0" timestamp="2025-09-04T00:35:51 IST" skipped="0">
  <testcase classname="com.automationexercise.tests.HomePageTest" name="verifyCarouselButtonsNavigation" time="17.331"/>
</testsuite> <!-- com.automationexercise.tests.HomePageTest -->
