<?xml version="1.0" encoding="UTF-8"?>
<!-- Generated by org.testng.reporters.JUnitReportReporter -->
<testsuite hostname="AKASH" failures="0" tests="12" name="com.automationexercise.tests.LoginTest" time="144.977" errors="0" timestamp="2025-09-03T12:28:41 IST" skipped="0">
  <testcase classname="com.automationexercise.tests.LoginTest" name="verifyLoginPageIsDisplayed" time="4.730"/>
  <testcase classname="com.automationexercise.tests.LoginTest" name="verifyNewUserSignupHeaderVisible" time="4.739"/>
  <testcase classname="com.automationexercise.tests.LoginTest" name="verifyLoginHeaderVisible" time="5.205"/>
  <testcase classname="com.automationexercise.tests.LoginTest" name="verifySignUpSectionIsDisplayed" time="15.832"/>
  <testcase classname="com.automationexercise.tests.LoginTest" name="verifyUserRegistration" time="7.998"/>
  <testcase classname="com.automationexercise.tests.LoginTest" name="verifyEnterAccountInformationHeaderIsDisplayed" time="8.189"/>
  <testcase classname="com.automationexercise.tests.LoginTest" name="verifyAddressInformationHeaderIsDisplayed" time="9.515"/>
  <testcase classname="com.automationexercise.tests.LoginTest" name="registerUserFromExcel" time="17.507"/>
  <testcase classname="com.automationexercise.tests.LoginTest" name="registerUserFromExcel" time="15.995"/>
  <testcase classname="com.automationexercise.tests.LoginTest" name="registerUserFromExcel" time="19.792"/>
  <testcase classname="com.automationexercise.tests.LoginTest" name="verifyLogin" time="22.521"/>
  <testcase classname="com.automationexercise.tests.LoginTest" name="verifyLogout" time="12.954"/>
</testsuite> <!-- com.automationexercise.tests.LoginTest -->
