<?xml version="1.0" encoding="UTF-8"?>
<!-- Generated by org.testng.reporters.JUnitReportReporter -->
<testsuite hostname="AKASH" failures="0" tests="9" name="com.automationexercise.tests.HomePageTest" time="143.287" errors="0" timestamp="2025-09-04T14:38:59 IST" skipped="0">
  <testcase classname="com.automationexercise.tests.HomePageTest" name="verifyHomePageTitle" time="7.215"/>
  <testcase classname="com.automationexercise.tests.HomePageTest" name="verifyLogoIsDisplayed" time="6.099"/>
  <testcase classname="com.automationexercise.tests.HomePageTest" name="verifyNavigationFromHomePage" time="26.046"/>
  <testcase classname="com.automationexercise.tests.HomePageTest" name="verifySliderNavigation" time="8.625"/>
  <testcase classname="com.automationexercise.tests.HomePageTest" name="verifyCategoryItemsVisibleAndClickable" time="39.349"/>
  <testcase classname="com.automationexercise.tests.HomePageTest" name="verifyFeaturesItemsVisibleAndScreenshot" time="9.752"/>
  <testcase classname="com.automationexercise.tests.HomePageTest" name="verifyBrandsSectionVisibleAndScreenshot" time="20.886"/>
  <testcase classname="com.automationexercise.tests.HomePageTest" name="verifyRecommendedItemsVisibleAndScreenshot" time="6.720"/>
  <testcase classname="com.automationexercise.tests.HomePageTest" name="verifyBlueTopCardInfoAndImageDisplayed" time="18.595"/>
</testsuite> <!-- com.automationexercise.tests.HomePageTest -->
