<?xml version="1.0" encoding="UTF-8"?>
<!-- Generated by org.testng.reporters.JUnitReportReporter -->
<testsuite hostname="AKASH" failures="0" tests="12" name="com.automationexercise.tests.LoginTest" time="182.169" errors="0" timestamp="2025-09-03T00:38:16 IST" skipped="0">
  <testcase classname="com.automationexercise.tests.LoginTest" name="verifyLoginPageIsDisplayed" time="4.756"/>
  <testcase classname="com.automationexercise.tests.LoginTest" name="verifyNewUserSignupHeaderVisible" time="32.764"/>
  <testcase classname="com.automationexercise.tests.LoginTest" name="verifyLoginHeaderVisible" time="5.461"/>
  <testcase classname="com.automationexercise.tests.LoginTest" name="verifySignUpSectionIsDisplayed" time="4.426"/>
  <testcase classname="com.automationexercise.tests.LoginTest" name="verifyUserRegistration" time="8.923"/>
  <testcase classname="com.automationexercise.tests.LoginTest" name="verifyEnterAccountInformationHeaderIsDisplayed" time="10.638"/>
  <testcase classname="com.automationexercise.tests.LoginTest" name="verifyAddressInformationHeaderIsDisplayed" time="10.652"/>
  <testcase classname="com.automationexercise.tests.LoginTest" name="registerUserFromExcel" time="27.158"/>
  <testcase classname="com.automationexercise.tests.LoginTest" name="registerUserFromExcel" time="26.969"/>
  <testcase classname="com.automationexercise.tests.LoginTest" name="registerUserFromExcel" time="27.875"/>
  <testcase classname="com.automationexercise.tests.LoginTest" name="verifyLogin" time="10.578"/>
  <testcase classname="com.automationexercise.tests.LoginTest" name="verifyLogout" time="11.969"/>
</testsuite> <!-- com.automationexercise.tests.LoginTest -->
