<?xml version="1.0" encoding="UTF-8"?>
<!-- Generated by org.testng.reporters.JUnitReportReporter -->
<testsuite hostname="AKASH" failures="0" tests="7" name="com.automationexercise.tests.SubscriptionTest" time="41.495" errors="0" timestamp="2025-09-03T19:38:01 IST" skipped="0">
  <testcase classname="com.automationexercise.tests.SubscriptionTest" name="testSubscriptionForm" time="6.586"/>
  <testcase classname="com.automationexercise.tests.SubscriptionTest" name="testSubscriptionForm" time="6.020"/>
  <testcase classname="com.automationexercise.tests.SubscriptionTest" name="verifyEmailPlaceholder" time="6.911"/>
  <testcase classname="com.automationexercise.tests.SubscriptionTest" name="testSubscriptionForm" time="6.286"/>
  <testcase classname="com.automationexercise.tests.SubscriptionTest" name="verifySubscribeButtonEnabled" time="4.834"/>
  <testcase classname="com.automationexercise.tests.SubscriptionTest" name="verifySubscriptionSectionVisible" time="5.594"/>
  <testcase classname="com.automationexercise.tests.SubscriptionTest" name="verifyEmailFieldEnabled" time="5.264"/>
</testsuite> <!-- com.automationexercise.tests.SubscriptionTest -->
