<?xml version="1.0" encoding="UTF-8"?>
<!-- Generated by org.testng.reporters.JUnitReportReporter -->
<testsuite hostname="LAPTOP-QMA3PVOQ" failures="0" tests="3" name="com.automationexercise.tests.SubscriptionTest" time="22.982" errors="0" timestamp="2025-09-04T15:37:36 IST" skipped="0">
  <testcase classname="com.automationexercise.tests.SubscriptionTest" name="testSubscriptionForm" time="8.931"/>
  <testcase classname="com.automationexercise.tests.SubscriptionTest" name="testSubscriptionForm" time="7.293"/>
  <testcase classname="com.automationexercise.tests.SubscriptionTest" name="testSubscriptionForm" time="6.758"/>
</testsuite> <!-- com.automationexercise.tests.SubscriptionTest -->
