<?xml version="1.0" encoding="UTF-8"?>
<!-- Generated by org.testng.reporters.JUnitReportReporter -->
<testsuite hostname="LAPTOP-QMA3PVOQ" failures="0" tests="7" name="com.automationexercise.tests.SubscriptionTest" time="68.797" errors="0" timestamp="2025-09-03T14:17:09 IST" skipped="0">
  <testcase classname="com.automationexercise.tests.SubscriptionTest" name="testSubscriptionForm" time="5.890"/>
  <testcase classname="com.automationexercise.tests.SubscriptionTest" name="verifyEmailFieldEnabled" time="28.113"/>
  <testcase classname="com.automationexercise.tests.SubscriptionTest" name="verifySubscribeButtonEnabled" time="4.987"/>
  <testcase classname="com.automationexercise.tests.SubscriptionTest" name="verifySubscriptionSectionVisible" time="8.921"/>
  <testcase classname="com.automationexercise.tests.SubscriptionTest" name="verifyEmailPlaceholder" time="7.351"/>
  <testcase classname="com.automationexercise.tests.SubscriptionTest" name="testSubscriptionForm" time="7.019"/>
  <testcase classname="com.automationexercise.tests.SubscriptionTest" name="testSubscriptionForm" time="6.516"/>
</testsuite> <!-- com.automationexercise.tests.SubscriptionTest -->
