<?xml version="1.0" encoding="UTF-8"?>
<!-- Generated by org.testng.reporters.JUnitReportReporter -->
<<<<<<< HEAD
<testsuite hostname="AKASH" failures="0" tests="1" name="com.automationexercise.tests.HomePageTest" time="17.331" errors="0" timestamp="2025-09-04T00:35:51 IST" skipped="0">
  <testcase classname="com.automationexercise.tests.HomePageTest" name="verifyCarouselButtonsNavigation" time="17.331"/>
=======
<testsuite hostname="LAPTOP-QMA3PVOQ" failures="0" tests="2" name="com.automationexercise.tests.HomePageTest" time="14.901" errors="0" timestamp="2025-09-03T21:23:12 IST" skipped="0">
  <testcase classname="com.automationexercise.tests.HomePageTest" name="verifyHomePageTitle" time="8.514"/>
  <testcase classname="com.automationexercise.tests.HomePageTest" name="verifyLogoIsDisplayed" time="6.387"/>
>>>>>>> origin/main
</testsuite> <!-- com.automationexercise.tests.HomePageTest -->
