<?xml version="1.0" encoding="UTF-8"?>
<!-- Generated by org.testng.reporters.JUnitReportReporter -->
<testsuite hostname="AKASH" failures="0" tests="5" name="com.automationexercise.tests.TC_ECOM_Tests" time="38.743" errors="0" timestamp="2025-09-03T19:06:43 IST" skipped="0">
  <testcase classname="com.automationexercise.tests.TC_ECOM_Tests" name="TC_ECOM_TestCase_001" time="5.386"/>
  <testcase classname="com.automationexercise.tests.TC_ECOM_Tests" name="TC_ECOM_TestCase_005" time="5.666"/>
  <testcase classname="com.automationexercise.tests.TC_ECOM_Tests" name="TC_ECOM_TestCase_002" time="14.161"/>
  <testcase classname="com.automationexercise.tests.TC_ECOM_Tests" name="TC_ECOM_TestCase_003" time="7.721"/>
  <testcase classname="com.automationexercise.tests.TC_ECOM_Tests" name="TC_ECOM_TestCase_004" time="5.809"/>
</testsuite> <!-- com.automationexercise.tests.TC_ECOM_Tests -->
