<?xml version="1.0" encoding="UTF-8"?>
<!-- Generated by org.testng.reporters.JUnitReportReporter -->
<testsuite hostname="AKASH" failures="0" tests="2" name="com.automationexercise.tests.HomePageTest" time="51.123" errors="0" timestamp="2025-09-03T12:28:41 IST" skipped="0">
  <testcase classname="com.automationexercise.tests.HomePageTest" name="verifyHomePageTitle" time="36.767"/>
  <testcase classname="com.automationexercise.tests.HomePageTest" name="verifyLogoIsDisplayed" time="14.356"/>
</testsuite> <!-- com.automationexercise.tests.HomePageTest -->
