<?xml version="1.0" encoding="UTF-8"?>
<!-- Generated by org.testng.reporters.JUnitReportReporter -->
<testsuite hostname="AKASH" failures="0" tests="17" name="com.automationexercise.tests.LoginTest" time="206.501" errors="0" timestamp="2025-09-03T18:03:40 IST" skipped="0">
  <testcase classname="com.automationexercise.tests.LoginTest" name="verifyLoginPageIsDisplayed" time="4.249"/>
  <testcase classname="com.automationexercise.tests.LoginTest" name="verifyNewUserSignupHeaderVisible" time="4.844"/>
  <testcase classname="com.automationexercise.tests.LoginTest" name="verifyLoginHeaderVisible" time="4.784"/>
  <testcase classname="com.automationexercise.tests.LoginTest" name="verifyLoginButtonVisibleAndClickable" time="4.361"/>
  <testcase classname="com.automationexercise.tests.LoginTest" name="verifySignUpSectionIsDisplayed" time="14.880"/>
  <testcase classname="com.automationexercise.tests.LoginTest" name="verifySignUpButtonVisibleAndClickable" time="4.138"/>
  <testcase classname="com.automationexercise.tests.LoginTest" name="verifyUserRegistration" time="9.052"/>
  <testcase classname="com.automationexercise.tests.LoginTest" name="verifyEnterAccountInformationHeaderIsDisplayed" time="9.722"/>
  <testcase classname="com.automationexercise.tests.LoginTest" name="verifyAddressInformationHeaderIsDisplayed" time="9.303"/>
  <testcase classname="com.automationexercise.tests.LoginTest" name="registerUserFromExcel" time="28.710"/>
  <testcase classname="com.automationexercise.tests.LoginTest" name="registerUserFromExcel" time="31.680"/>
  <testcase classname="com.automationexercise.tests.LoginTest" name="registerUserFromExcel" time="15.791"/>
  <testcase classname="com.automationexercise.tests.LoginTest" name="verifyLogin" time="8.358"/>
  <testcase classname="com.automationexercise.tests.LoginTest" name="verifyLogout" time="11.321"/>
  <testcase classname="com.automationexercise.tests.LoginTest" name="verifyLoginWithInvalidCredentialsFromExcel" time="19.404"/>
  <testcase classname="com.automationexercise.tests.LoginTest" name="verifyLoginWithValidEmailAndWrongPassword" time="19.924"/>
  <testcase classname="com.automationexercise.tests.LoginTest" name="verifySignUpWithInvalidEmailFormat_FromExcel" time="5.980"/>
</testsuite> <!-- com.automationexercise.tests.LoginTest -->
