<?xml version="1.0" encoding="UTF-8"?>
<!-- Generated by org.testng.reporters.JUnitReportReporter -->
<testsuite hostname="AKASH" failures="0" tests="5" name="com.automationexercise.tests.TC_ECOM_Tests" time="68.726" errors="0" timestamp="2025-09-03T19:38:01 IST" skipped="0">
  <testcase classname="com.automationexercise.tests.TC_ECOM_Tests" name="TC_ECOM_TestCase_001" time="5.848"/>
  <testcase classname="com.automationexercise.tests.TC_ECOM_Tests" name="TC_ECOM_TestCase_003" time="35.498"/>
  <testcase classname="com.automationexercise.tests.TC_ECOM_Tests" name="TC_ECOM_TestCase_002" time="15.036"/>
  <testcase classname="com.automationexercise.tests.TC_ECOM_Tests" name="TC_ECOM_TestCase_005" time="6.154"/>
  <testcase classname="com.automationexercise.tests.TC_ECOM_Tests" name="TC_ECOM_TestCase_004" time="6.190"/>
</testsuite> <!-- com.automationexercise.tests.TC_ECOM_Tests -->
