<?xml version="1.0" encoding="UTF-8"?>
<!-- Generated by org.testng.reporters.JUnitReportReporter -->
<testsuite hostname="LAPTOP-25O4NSKO" failures="0" tests="5" name="com.automationexercise.tests.TC_ECOM_Tests" time="33.590" errors="0" timestamp="2025-09-03T11:52:57 IST" skipped="0">
  <testcase classname="com.automationexercise.tests.TC_ECOM_Tests" name="TC_ECOM_TestCase_005" time="4.197"/>
  <testcase classname="com.automationexercise.tests.TC_ECOM_Tests" name="TC_ECOM_TestCase_004" time="5.008"/>
  <testcase classname="com.automationexercise.tests.TC_ECOM_Tests" name="TC_ECOM_TestCase_001" time="3.279"/>
  <testcase classname="com.automationexercise.tests.TC_ECOM_Tests" name="TC_ECOM_TestCase_003" time="6.132"/>
  <testcase classname="com.automationexercise.tests.TC_ECOM_Tests" name="TC_ECOM_TestCase_002" time="14.974"/>
</testsuite> <!-- com.automationexercise.tests.TC_ECOM_Tests -->
