<?xml version="1.0" encoding="UTF-8"?>
<!-- Generated by org.testng.reporters.JUnitReportReporter -->
<testsuite hostname="LAPTOP-QMA3PVOQ" failures="0" tests="17" name="com.automationexercise.tests.LoginTest" time="219.555" errors="0" timestamp="2025-09-03T21:23:12 IST" skipped="0">
  <testcase classname="com.automationexercise.tests.LoginTest" name="verifyLoginPageIsDisplayed" time="4.673"/>
  <testcase classname="com.automationexercise.tests.LoginTest" name="verifyLoginHeaderVisible" time="4.045"/>
  <testcase classname="com.automationexercise.tests.LoginTest" name="verifyNewUserSignupHeaderVisible" time="5.598"/>
  <testcase classname="com.automationexercise.tests.LoginTest" name="verifyLoginButtonVisibleAndClickable" time="4.486"/>
  <testcase classname="com.automationexercise.tests.LoginTest" name="verifySignUpButtonVisibleAndClickable" time="5.420"/>
  <testcase classname="com.automationexercise.tests.LoginTest" name="verifySignUpSectionIsDisplayed" time="4.513"/>
  <testcase classname="com.automationexercise.tests.LoginTest" name="verifyUserRegistration" time="15.074"/>
  <testcase classname="com.automationexercise.tests.LoginTest" name="verifyEnterAccountInformationHeaderIsDisplayed" time="5.598"/>
  <testcase classname="com.automationexercise.tests.LoginTest" name="verifyAddressInformationHeaderIsDisplayed" time="6.904"/>
  <testcase classname="com.automationexercise.tests.LoginTest" name="registerUserFromExcel" time="12.807"/>
  <testcase classname="com.automationexercise.tests.LoginTest" name="registerUserFromExcel" time="31.109"/>
  <testcase classname="com.automationexercise.tests.LoginTest" name="registerUserFromExcel" time="15.038"/>
  <testcase classname="com.automationexercise.tests.LoginTest" name="verifyLogin" time="40.171"/>
  <testcase classname="com.automationexercise.tests.LoginTest" name="verifyLogout" time="28.313"/>
  <testcase classname="com.automationexercise.tests.LoginTest" name="verifyLoginWithInvalidCredentialsFromExcel" time="15.589"/>
  <testcase classname="com.automationexercise.tests.LoginTest" name="verifyLoginWithValidEmailAndWrongPassword" time="15.210"/>
  <testcase classname="com.automationexercise.tests.LoginTest" name="verifySignUpWithInvalidEmailFormat_FromExcel" time="5.007"/>
</testsuite> <!-- com.automationexercise.tests.LoginTest -->
