<?xml version="1.0" encoding="UTF-8"?>
<!-- Generated by org.testng.reporters.JUnitReportReporter -->
<testsuite hostname="AKASH" failures="0" tests="2" name="com.automationexercise.tests.HomePageTest" time="12.995" errors="0" timestamp="2025-09-03T18:03:39 IST" skipped="0">
  <testcase classname="com.automationexercise.tests.HomePageTest" name="verifyHomePageTitle" time="6.789"/>
  <testcase classname="com.automationexercise.tests.HomePageTest" name="verifyLogoIsDisplayed" time="6.206"/>
</testsuite> <!-- com.automationexercise.tests.HomePageTest -->
