<?xml version="1.0" encoding="UTF-8"?>
<!-- Generated by org.testng.reporters.JUnitReportReporter -->
<testsuite hostname="AKASH" failures="0" tests="1" name="com.automationexercise.tests.TC_VideoTutorialsTest" time="16.876" errors="0" timestamp="2025-09-03T19:38:01 IST" skipped="0">
  <testcase classname="com.automationexercise.tests.TC_VideoTutorialsTest" name="TC_CheckVideoTutorialsIcon" time="16.876"/>
</testsuite> <!-- com.automationexercise.tests.TC_VideoTutorialsTest -->
