<?xml version="1.0" encoding="UTF-8"?>
<!-- Generated by org.testng.reporters.JUnitReportReporter -->
<testsuite hostname="LAPTOP-QMA3PVOQ" failures="0" tests="7" name="com.automationexercise.tests.SubscriptionTest" time="141.637" errors="0" timestamp="2025-09-03T21:23:12 IST" skipped="0">
  <testcase classname="com.automationexercise.tests.SubscriptionTest" name="testSubscriptionForm" time="36.695"/>
  <testcase classname="com.automationexercise.tests.SubscriptionTest" name="verifySubscribeButtonEnabled" time="6.494"/>
  <testcase classname="com.automationexercise.tests.SubscriptionTest" name="verifySubscriptionSectionVisible" time="4.886"/>
  <testcase classname="com.automationexercise.tests.SubscriptionTest" name="verifyEmailPlaceholder" time="57.257"/>
  <testcase classname="com.automationexercise.tests.SubscriptionTest" name="testSubscriptionForm" time="8.162"/>
  <testcase classname="com.automationexercise.tests.SubscriptionTest" name="testSubscriptionForm" time="5.033"/>
  <testcase classname="com.automationexercise.tests.SubscriptionTest" name="verifyEmailFieldEnabled" time="23.110"/>
</testsuite> <!-- com.automationexercise.tests.SubscriptionTest -->
