<?xml version="1.0" encoding="UTF-8"?>
<!-- Generated by org.testng.reporters.JUnitReportReporter -->
<testsuite hostname="AKASH" failures="0" tests="11" name="com.automationexercise.tests.ContactUsTest" time="105.165" errors="0" timestamp="2025-09-03T19:09:22 IST" skipped="0">
  <testcase classname="com.automationexercise.tests.ContactUsTest" name="testContactUsForm" time="5.553"/>
  <testcase classname="com.automationexercise.tests.ContactUsTest" name="verifyContactUsPageLoadsProperly" time="4.263"/>
  <testcase classname="com.automationexercise.tests.ContactUsTest" name="testContactUsForm" time="5.322"/>
  <testcase classname="com.automationexercise.tests.ContactUsTest" name="verifyPlaceholderTexts" time="4.365"/>
  <testcase classname="com.automationexercise.tests.ContactUsTest" name="testContactUsForm" time="18.024"/>
  <testcase classname="com.automationexercise.tests.ContactUsTest" name="verifyAllInputFieldsVisible" time="4.298"/>
  <testcase classname="com.automationexercise.tests.ContactUsTest" name="verifyFeedbackSectionVisible" time="4.119"/>
  <testcase classname="com.automationexercise.tests.ContactUsTest" name="testContactUsForm" time="5.690"/>
  <testcase classname="com.automationexercise.tests.ContactUsTest" name="verifyContactUsPageTitle" time="32.912"/>
  <testcase classname="com.automationexercise.tests.ContactUsTest" name="testContactUsForm" time="15.193"/>
  <testcase classname="com.automationexercise.tests.ContactUsTest" name="verifySubmitButtonEnabled" time="5.426"/>
</testsuite> <!-- com.automationexercise.tests.ContactUsTest -->
