<?xml version="1.0" encoding="UTF-8"?>
<!-- Generated by org.testng.reporters.JUnitReportReporter -->
<testsuite hostname="AKASH" failures="0" tests="8" name="com.automationexercise.tests.LoginTest" time="119.785" errors="0" timestamp="2025-09-01T23:25:27 IST" skipped="0">
  <testcase classname="com.automationexercise.tests.LoginTest" name="verifyLoginPageIsDisplayed" time="5.038"/>
  <testcase classname="com.automationexercise.tests.LoginTest" name="verifySignUpSectionIsDisplayed" time="33.787"/>
  <testcase classname="com.automationexercise.tests.LoginTest" name="verifyUserRegistration" time="11.265"/>
  <testcase classname="com.automationexercise.tests.LoginTest" name="registerUserFromExcel" time="18.585"/>
  <testcase classname="com.automationexercise.tests.LoginTest" name="registerUserFromExcel" time="14.058"/>
  <testcase classname="com.automationexercise.tests.LoginTest" name="registerUserFromExcel" time="16.247"/>
  <testcase classname="com.automationexercise.tests.LoginTest" name="verifyLogin" time="10.214"/>
  <testcase classname="com.automationexercise.tests.LoginTest" name="verifyLogout" time="10.591"/>
</testsuite> <!-- com.automationexercise.tests.LoginTest -->
