<?xml version="1.0" encoding="UTF-8"?>
<!-- Generated by org.testng.reporters.JUnitReportReporter -->
<testsuite hostname="AKASH" failures="0" tests="2" name="com.automationexercise.tests.HomePageTest" time="14.611" errors="0" timestamp="2025-09-03T00:38:16 IST" skipped="0">
  <testcase classname="com.automationexercise.tests.HomePageTest" name="verifyLogoIsDisplayed" time="6.514"/>
  <testcase classname="com.automationexercise.tests.HomePageTest" name="verifyHomePageTitle" time="8.097"/>
</testsuite> <!-- com.automationexercise.tests.HomePageTest -->
