<?xml version="1.0" encoding="UTF-8"?>
<!-- Generated by org.testng.reporters.JUnitReportReporter -->
<testsuite hostname="AKASH" failures="0" tests="14" name="com.automationexercise.tests.LoginTest" time="249.190" errors="0" timestamp="2025-09-02T16:50:38 IST" skipped="0">
  <testcase classname="com.automationexercise.tests.LoginTest" name="verifyLoginPageIsDisplayed" time="5.005"/>
  <testcase classname="com.automationexercise.tests.LoginTest" name="verifySignUpSectionIsDisplayed" time="6.604"/>
  <testcase classname="com.automationexercise.tests.LoginTest" name="verifyUserRegistration" time="8.996"/>
  <testcase classname="com.automationexercise.tests.LoginTest" name="verifyEnterAccountInformationHeaderIsDisplayed" time="20.913"/>
  <testcase classname="com.automationexercise.tests.LoginTest" name="verifyAddressInformationHeaderIsDisplayed" time="10.931"/>
  <testcase classname="com.automationexercise.tests.LoginTest" name="registerUserFromExcel" time="17.469"/>
  <testcase classname="com.automationexercise.tests.LoginTest" name="registerUserFromExcel" time="15.164"/>
  <testcase classname="com.automationexercise.tests.LoginTest" name="registerUserFromExcel" time="21.283"/>
  <testcase classname="com.automationexercise.tests.LoginTest" name="verifyLogin" time="7.820"/>
  <testcase classname="com.automationexercise.tests.LoginTest" name="verifyLogin" time="8.314"/>
  <testcase classname="com.automationexercise.tests.LoginTest" name="verifyLogin" time="8.333"/>
  <testcase classname="com.automationexercise.tests.LoginTest" name="verifyLogout" time="66.555"/>
  <testcase classname="com.automationexercise.tests.LoginTest" name="verifyLogout" time="40.850"/>
  <testcase classname="com.automationexercise.tests.LoginTest" name="verifyLogout" time="10.953"/>
</testsuite> <!-- com.automationexercise.tests.LoginTest -->
