<?xml version="1.0" encoding="UTF-8"?>
<!-- Generated by org.testng.reporters.JUnitReportReporter -->
<testsuite hostname="AKASH" failures="0" tests="8" name="com.automationexercise.tests.LoginTest" time="129.693" errors="0" timestamp="2025-09-01T00:45:48 IST" skipped="0">
  <testcase classname="com.automationexercise.tests.LoginTest" name="verifyLoginPageIsDisplayed" time="4.217"/>
  <testcase classname="com.automationexercise.tests.LoginTest" name="verifySignUpSectionIsDisplayed" time="5.612"/>
  <testcase classname="com.automationexercise.tests.LoginTest" name="verifyUserRegistration" time="35.727"/>
  <testcase classname="com.automationexercise.tests.LoginTest" name="registerUserFromExcel" time="31.552"/>
  <testcase classname="com.automationexercise.tests.LoginTest" name="registerUserFromExcel" time="11.249"/>
  <testcase classname="com.automationexercise.tests.LoginTest" name="registerUserFromExcel" time="11.329"/>
  <testcase classname="com.automationexercise.tests.LoginTest" name="verifyLogin" time="20.022"/>
  <testcase classname="com.automationexercise.tests.LoginTest" name="verifyLogout" time="9.985"/>
</testsuite> <!-- com.automationexercise.tests.LoginTest -->
