<?xml version="1.0" encoding="UTF-8"?>
<!-- Generated by org.testng.reporters.JUnitReportReporter -->
<testsuite hostname="AKASH" failures="0" tests="11" name="com.automationexercise.tests.ContactUsTest" time="94.741" errors="0" timestamp="2025-09-03T19:38:01 IST" skipped="0">
  <testcase classname="com.automationexercise.tests.ContactUsTest" name="testContactUsForm" time="5.545"/>
  <testcase classname="com.automationexercise.tests.ContactUsTest" name="verifyContactUsPageLoadsProperly" time="4.912"/>
  <testcase classname="com.automationexercise.tests.ContactUsTest" name="testContactUsForm" time="6.660"/>
  <testcase classname="com.automationexercise.tests.ContactUsTest" name="verifySubmitButtonEnabled" time="4.175"/>
  <testcase classname="com.automationexercise.tests.ContactUsTest" name="testContactUsForm" time="5.236"/>
  <testcase classname="com.automationexercise.tests.ContactUsTest" name="verifyAllInputFieldsVisible" time="4.587"/>
  <testcase classname="com.automationexercise.tests.ContactUsTest" name="testContactUsForm" time="25.850"/>
  <testcase classname="com.automationexercise.tests.ContactUsTest" name="verifyContactUsPageTitle" time="4.017"/>
  <testcase classname="com.automationexercise.tests.ContactUsTest" name="testContactUsForm" time="6.915"/>
  <testcase classname="com.automationexercise.tests.ContactUsTest" name="verifyFeedbackSectionVisible" time="4.833"/>
  <testcase classname="com.automationexercise.tests.ContactUsTest" name="verifyPlaceholderTexts" time="22.011"/>
</testsuite> <!-- com.automationexercise.tests.ContactUsTest -->
