<?xml version="1.0" encoding="UTF-8"?>
<!-- Generated by org.testng.reporters.JUnitReportReporter -->
<testsuite hostname="AKASH" failures="0" tests="8" name="com.automationexercise.tests.HomePageTest" time="98.252" errors="0" timestamp="2025-09-04T12:07:01 IST" skipped="0">
  <testcase classname="com.automationexercise.tests.HomePageTest" name="verifyLogoIsDisplayed" time="5.066"/>
  <testcase classname="com.automationexercise.tests.HomePageTest" name="verifyBrandsSectionVisibleAndScreenshot" time="6.436"/>
  <testcase classname="com.automationexercise.tests.HomePageTest" name="verifyRecommendedItemsVisibleAndScreenshot" time="13.276"/>
  <testcase classname="com.automationexercise.tests.HomePageTest" name="verifyNavigationFromHomePage" time="16.549"/>
  <testcase classname="com.automationexercise.tests.HomePageTest" name="verifySliderNavigation" time="7.542"/>
  <testcase classname="com.automationexercise.tests.HomePageTest" name="verifyFeaturesItemsVisibleAndScreenshot" time="6.323"/>
  <testcase classname="com.automationexercise.tests.HomePageTest" name="verifyHomePageTitle" time="5.472"/>
  <testcase classname="com.automationexercise.tests.HomePageTest" name="verifyCategoryItemsVisibleAndClickable" time="37.588"/>
</testsuite> <!-- com.automationexercise.tests.HomePageTest -->
